2016-10-27T12:55:46+01:00 INFO (6): Max Invoice: 
2016-10-27T12:55:48+01:00 INFO (6): Max Invoice: 1
2016-10-27T12:55:49+01:00 INFO (6): Max Invoice: 1
2016-10-27T12:55:56+01:00 INFO (6): Max Invoice: 1
2016-10-27T12:55:56+01:00 INFO (6): Invoice: 1 Item id: 1 Tax 0 Tax ID: 3
2016-10-27T12:55:56+01:00 INFO (6): Invoice: 1 Item id: 2 Tax 0 Tax ID: 1
2016-10-27T12:55:56+01:00 INFO (6): Invoice: 1 Item id: 3 Tax 0 Tax ID: 4
2016-10-27T12:55:56+01:00 INFO (6): Invoice: 1 Item id: 4 Tax 0 Tax ID: 1
2016-10-27T12:55:56+01:00 INFO (6): Invoice: 1 Item id: 5 Tax 0 Tax ID: 4
2016-10-27T12:56:08+01:00 INFO (6): Max Invoice: 1
2016-10-27T12:56:32+01:00 INFO (6): Max Invoice: 1
2016-10-27T12:56:40+01:00 INFO (6): Max Invoice: 1
2016-10-27T12:56:41+01:00 INFO (6): Max Invoice: 1
2016-10-27T13:27:58+01:00 INFO (6): Max Invoice: 1
2016-10-27T13:28:05+01:00 INFO (6): Max Invoice: 1
2016-10-27T13:28:13+01:00 INFO (6): Max Invoice: 1
2016-10-27T13:28:16+01:00 INFO (6): Max Invoice: 1
2016-10-27T13:28:21+01:00 INFO (6): Max Invoice: 1
2016-10-27T13:28:24+01:00 INFO (6): Max Invoice: 1
2016-10-27T13:28:30+01:00 INFO (6): Max Invoice: 1
2016-10-27T13:28:34+01:00 INFO (6): Max Invoice: 1
2016-10-27T13:28:36+01:00 INFO (6): Max Invoice: 1
2016-10-27T13:28:53+01:00 INFO (6): Max Invoice: 1
2016-10-27T13:29:03+01:00 INFO (6): Max Invoice: 1
2016-10-27T13:29:07+01:00 INFO (6): Max Invoice: 1
2016-10-27T13:29:14+01:00 INFO (6): Max Invoice: 1
2016-10-27T13:29:18+01:00 INFO (6): Max Invoice: 1
2016-10-27T13:29:22+01:00 INFO (6): Max Invoice: 1
2016-10-27T13:29:26+01:00 INFO (6): Max Invoice: 1
2016-10-27T13:29:31+01:00 INFO (6): Max Invoice: 1
2016-10-27T13:29:38+01:00 INFO (6): Max Invoice: 1
2016-10-27T13:29:40+01:00 INFO (6): Max Invoice: 1
2016-10-27T13:29:57+01:00 INFO (6): Max Invoice: 1
2016-10-27T13:29:57+01:00 INFO (6): Max Invoice: 1
2016-10-27T13:30:09+01:00 INFO (6): Max Invoice: 1
2016-10-27T13:30:09+01:00 INFO (6): Invoice: 1 Item id: 1 Tax 0 Tax ID: 3
2016-10-27T13:30:09+01:00 INFO (6): Invoice: 1 Item id: 2 Tax 0 Tax ID: 1
2016-10-27T13:30:09+01:00 INFO (6): Invoice: 1 Item id: 3 Tax 0 Tax ID: 4
2016-10-27T13:30:09+01:00 INFO (6): Invoice: 1 Item id: 4 Tax 0 Tax ID: 1
2016-10-27T13:30:09+01:00 INFO (6): Invoice: 1 Item id: 5 Tax 0 Tax ID: 4
2016-10-27T13:30:09+01:00 INFO (6): Invoice: 1 Item id: 1 Tax 0 Tax ID: 3
2016-10-27T13:30:09+01:00 INFO (6): Invoice: 1 Item id: 2 Tax 0 Tax ID: 1
2016-10-27T13:30:09+01:00 INFO (6): Invoice: 1 Item id: 3 Tax 0 Tax ID: 4
2016-10-27T13:30:09+01:00 INFO (6): Invoice: 1 Item id: 4 Tax 0 Tax ID: 1
2016-10-27T13:30:09+01:00 INFO (6): Invoice: 1 Item id: 5 Tax 0 Tax ID: 4
2016-10-27T13:30:30+01:00 INFO (6): Max Invoice: 1
2016-10-27T13:30:30+01:00 INFO (6): Max Invoice: 1
2016-10-27T13:30:41+01:00 INFO (6): Max Invoice: 1
2016-10-27T13:30:41+01:00 INFO (6): Invoice: 1 Item id: 1 Tax 0 Tax ID: 3
2016-10-27T13:30:41+01:00 INFO (6): Invoice: 1 Item id: 2 Tax 0 Tax ID: 1
2016-10-27T13:30:41+01:00 INFO (6): Invoice: 1 Item id: 3 Tax 0 Tax ID: 4
2016-10-27T13:30:41+01:00 INFO (6): Invoice: 1 Item id: 4 Tax 0 Tax ID: 1
2016-10-27T13:30:41+01:00 INFO (6): Invoice: 1 Item id: 5 Tax 0 Tax ID: 4
2016-10-27T13:31:16+01:00 INFO (6): Max Invoice: 1
2016-10-27T13:31:16+01:00 INFO (6): Invoice: 1 Item id: 1 Tax 0 Tax ID: 3
2016-10-27T13:31:16+01:00 INFO (6): Invoice: 1 Item id: 2 Tax 0 Tax ID: 1
2016-10-27T13:31:16+01:00 INFO (6): Invoice: 1 Item id: 3 Tax 0 Tax ID: 4
2016-10-27T13:31:16+01:00 INFO (6): Invoice: 1 Item id: 4 Tax 0 Tax ID: 1
2016-10-27T13:31:16+01:00 INFO (6): Invoice: 1 Item id: 5 Tax 0 Tax ID: 4
2016-10-27T13:31:16+01:00 INFO (6): Invoice: 1 Item id: 1 Tax 0 Tax ID: 3
2016-10-27T13:31:16+01:00 INFO (6): Invoice: 1 Item id: 2 Tax 0 Tax ID: 1
2016-10-27T13:31:16+01:00 INFO (6): Invoice: 1 Item id: 3 Tax 0 Tax ID: 4
2016-10-27T13:31:16+01:00 INFO (6): Invoice: 1 Item id: 4 Tax 0 Tax ID: 1
2016-10-27T13:31:16+01:00 INFO (6): Invoice: 1 Item id: 5 Tax 0 Tax ID: 4
2016-10-27T13:31:16+01:00 INFO (6): Invoice: 1 Item id: 1 Tax 0 Tax ID: 3
2016-10-27T13:31:16+01:00 INFO (6): Invoice: 1 Item id: 2 Tax 0 Tax ID: 1
2016-10-27T13:31:16+01:00 INFO (6): Invoice: 1 Item id: 3 Tax 0 Tax ID: 4
2016-10-27T13:31:16+01:00 INFO (6): Invoice: 1 Item id: 4 Tax 0 Tax ID: 1
2016-10-27T13:31:16+01:00 INFO (6): Invoice: 1 Item id: 5 Tax 0 Tax ID: 4
2016-10-27T13:31:40+01:00 INFO (6): Max Invoice: 1
2016-10-27T13:31:40+01:00 INFO (6): Invoice: 1 Item id: 1 Tax 0 Tax ID: 3
2016-10-27T13:31:40+01:00 INFO (6): Invoice: 1 Item id: 2 Tax 0 Tax ID: 1
2016-10-27T13:31:40+01:00 INFO (6): Invoice: 1 Item id: 3 Tax 0 Tax ID: 4
2016-10-27T13:31:40+01:00 INFO (6): Invoice: 1 Item id: 4 Tax 0 Tax ID: 1
2016-10-27T13:31:40+01:00 INFO (6): Invoice: 1 Item id: 5 Tax 0 Tax ID: 4
2016-10-28T08:49:13+01:00 INFO (6): Max Invoice: 1
2016-10-28T08:49:14+01:00 INFO (6): Max Invoice: 1
2016-10-28T08:49:22+01:00 INFO (6): Max Invoice: 1
2016-10-28T08:49:23+01:00 INFO (6): Invoice: 1 Item id: 1 Tax 0 Tax ID: 3
2016-10-28T08:49:23+01:00 INFO (6): Invoice: 1 Item id: 2 Tax 0 Tax ID: 1
2016-10-28T08:49:23+01:00 INFO (6): Invoice: 1 Item id: 3 Tax 0 Tax ID: 4
2016-10-28T08:49:23+01:00 INFO (6): Invoice: 1 Item id: 4 Tax 0 Tax ID: 1
2016-10-28T08:49:23+01:00 INFO (6): Invoice: 1 Item id: 5 Tax 0 Tax ID: 4
2016-10-28T08:49:23+01:00 INFO (6): Invoice: 1 Item id: 1 Tax 0 Tax ID: 3
2016-10-28T08:49:23+01:00 INFO (6): Invoice: 1 Item id: 2 Tax 0 Tax ID: 1
2016-10-28T08:49:23+01:00 INFO (6): Invoice: 1 Item id: 3 Tax 0 Tax ID: 4
2016-10-28T08:49:23+01:00 INFO (6): Invoice: 1 Item id: 4 Tax 0 Tax ID: 1
2016-10-28T08:49:23+01:00 INFO (6): Invoice: 1 Item id: 5 Tax 0 Tax ID: 4
2016-10-28T08:51:20+01:00 INFO (6): Max Invoice: 1
2016-10-28T08:51:21+01:00 INFO (6): Max Invoice: 1
2016-10-28T08:51:23+01:00 INFO (6): Max Invoice: 1
2016-10-28T08:51:23+01:00 INFO (6): Max Invoice: 1
2016-10-28T08:51:25+01:00 INFO (6): Max Invoice: 1
2016-10-28T08:51:25+01:00 INFO (6): Max Invoice: 1
2016-10-28T08:51:27+01:00 INFO (6): Max Invoice: 1
2016-10-28T08:51:27+01:00 INFO (6): Max Invoice: 1
2016-10-28T08:51:29+01:00 INFO (6): Max Invoice: 1
2016-10-28T08:51:29+01:00 INFO (6): Max Invoice: 1
2016-10-28T08:51:34+01:00 INFO (6): Max Invoice: 1
2016-10-28T08:51:34+01:00 INFO (6): Max Invoice: 1
2016-10-28T08:51:37+01:00 INFO (6): Max Invoice: 1
2016-10-28T08:51:37+01:00 INFO (6): Max Invoice: 1
2016-10-28T08:51:47+01:00 INFO (6): Max Invoice: 1
2016-10-28T08:51:48+01:00 INFO (6): Max Invoice: 1
2016-10-28T08:51:52+01:00 INFO (6): Max Invoice: 1
2016-10-28T08:51:52+01:00 INFO (6): Max Invoice: 1
2016-10-28T08:52:10+01:00 INFO (6): Max Invoice: 1
2016-10-28T08:52:11+01:00 INFO (6): Max Invoice: 1
2016-10-28T08:52:12+01:00 INFO (6): Max Invoice: 1
2016-10-28T08:52:12+01:00 INFO (6): Itemised invoice created
2016-10-28T08:52:20+01:00 INFO (6): Max Invoice: 1
2016-10-28T08:52:20+01:00 INFO (6): Itemised invoice created
2016-10-28T08:52:50+01:00 INFO (6): Max Invoice: 1
2016-10-28T08:53:19+01:00 INFO (6): Max Invoice: 1
2016-10-28T08:53:41+01:00 INFO (6): Max Invoice: 1
2016-10-28T08:53:41+01:00 INFO (6): Max items:4
2016-10-28T08:53:41+01:00 INFO (6): i=0
2016-10-28T08:53:41+01:00 INFO (6): qty=89
2016-10-28T08:53:41+01:00 INFO (6): Key: 0 Value: 4
2016-10-28T08:53:41+01:00 INFO (6): tax rate: 0.000000
2016-10-28T08:53:41+01:00 INFO (6):  
2016-10-28T08:53:41+01:00 INFO (6):  
2016-10-28T08:53:41+01:00 INFO (6): Invoice: 2 Tax Array for line item 0: 0
2016-10-28T08:53:41+01:00 INFO (6): Description: Description
2016-10-28T08:53:41+01:00 INFO (6):  
2016-10-28T08:53:41+01:00 INFO (6): ITEM :: Key: 0 Value: 4
2016-10-28T08:53:41+01:00 INFO (6): ITEM :: tax rate: 0.000000
2016-10-28T08:53:41+01:00 INFO (6): ITEM :: Qty: 89 Unit price: 125.5
2016-10-28T08:53:41+01:00 INFO (6): ITEM :: Tax rate: 0.000000 Tax type: % Tax $: 0
2016-10-28T08:53:41+01:00 INFO (6): i=1
2016-10-28T08:53:41+01:00 INFO (6): qty=90
2016-10-28T08:53:41+01:00 INFO (6): Key: 0 Value: 1
2016-10-28T08:53:41+01:00 INFO (6): tax rate: 10.000000
2016-10-28T08:53:41+01:00 INFO (6):  
2016-10-28T08:53:41+01:00 INFO (6):  
2016-10-28T08:53:41+01:00 INFO (6): Invoice: 2 Tax Array for line item 1: 1350
2016-10-28T08:53:41+01:00 INFO (6): Description: Description
2016-10-28T08:53:41+01:00 INFO (6):  
2016-10-28T08:53:41+01:00 INFO (6): ITEM :: Key: 0 Value: 1
2016-10-28T08:53:41+01:00 INFO (6): ITEM :: tax rate: 10.000000
2016-10-28T08:53:41+01:00 INFO (6): ITEM :: Qty: 90 Unit price: 150
2016-10-28T08:53:41+01:00 INFO (6): ITEM :: Tax rate: 10.000000 Tax type: % Tax $: 1350
2016-10-28T08:53:41+01:00 INFO (6): i=2
2016-10-28T08:53:41+01:00 INFO (6): qty=
2016-10-28T08:53:41+01:00 INFO (6): i=3
2016-10-28T08:53:41+01:00 INFO (6): qty=
2016-10-28T08:53:41+01:00 INFO (6): i=4
2016-10-28T08:53:41+01:00 INFO (6): qty=
2016-10-28T08:53:43+01:00 INFO (6): Max Invoice: 2
2016-10-28T08:53:43+01:00 INFO (6): Invoice: 2 Item id: 6 Tax 0 Tax ID: 4
2016-10-28T08:53:43+01:00 INFO (6): Invoice: 2 Item id: 7 Tax 0 Tax ID: 1
2016-10-28T08:53:43+01:00 INFO (6): eway pre check: false
2016-10-28T08:54:09+01:00 INFO (6): Max Invoice: 2
2016-10-28T08:54:09+01:00 INFO (6): Itemised invoice created
2016-10-28T08:54:12+01:00 INFO (6): Max Invoice: 2
2016-10-28T08:54:18+01:00 INFO (6): Max Invoice: 2
2016-10-28T08:54:18+01:00 INFO (6): Itemised invoice created
2016-10-28T08:54:59+01:00 INFO (6): Max Invoice: 2
2016-10-28T08:55:06+01:00 INFO (6): Max Invoice: 2
2016-10-28T08:55:12+01:00 INFO (6): Max Invoice: 2
2016-10-28T08:55:18+01:00 INFO (6): Max Invoice: 2
2016-10-28T08:55:18+01:00 INFO (6): Max items:4
2016-10-28T08:55:18+01:00 INFO (6): i=0
2016-10-28T08:55:18+01:00 INFO (6): qty=89
2016-10-28T08:55:18+01:00 INFO (6): Key: 0 Value: 1
2016-10-28T08:55:18+01:00 INFO (6): tax rate: 10.000000
2016-10-28T08:55:18+01:00 INFO (6):  
2016-10-28T08:55:18+01:00 INFO (6):  
2016-10-28T08:55:18+01:00 INFO (6): Invoice: 3 Tax Array for line item 0: 137.95
2016-10-28T08:55:18+01:00 INFO (6): Description: Description
2016-10-28T08:55:18+01:00 INFO (6):  
2016-10-28T08:55:18+01:00 INFO (6): ITEM :: Key: 0 Value: 1
2016-10-28T08:55:18+01:00 INFO (6): ITEM :: tax rate: 10.000000
2016-10-28T08:55:18+01:00 INFO (6): ITEM :: Qty: 89 Unit price: 15.5
2016-10-28T08:55:18+01:00 INFO (6): ITEM :: Tax rate: 10.000000 Tax type: % Tax $: 137.95
2016-10-28T08:55:18+01:00 INFO (6): i=1
2016-10-28T08:55:18+01:00 INFO (6): qty=67
2016-10-28T08:55:18+01:00 INFO (6): Key: 0 Value: 1
2016-10-28T08:55:18+01:00 INFO (6): tax rate: 10.000000
2016-10-28T08:55:18+01:00 INFO (6):  
2016-10-28T08:55:18+01:00 INFO (6):  
2016-10-28T08:55:18+01:00 INFO (6): Invoice: 3 Tax Array for line item 1: 837.5
2016-10-28T08:55:18+01:00 INFO (6): Description: Description
2016-10-28T08:55:18+01:00 INFO (6):  
2016-10-28T08:55:18+01:00 INFO (6): ITEM :: Key: 0 Value: 1
2016-10-28T08:55:18+01:00 INFO (6): ITEM :: tax rate: 10.000000
2016-10-28T08:55:18+01:00 INFO (6): ITEM :: Qty: 67 Unit price: 125
2016-10-28T08:55:18+01:00 INFO (6): ITEM :: Tax rate: 10.000000 Tax type: % Tax $: 837.5
2016-10-28T08:55:18+01:00 INFO (6): i=2
2016-10-28T08:55:18+01:00 INFO (6): qty=89
2016-10-28T08:55:18+01:00 INFO (6): Key: 0 Value: 1
2016-10-28T08:55:18+01:00 INFO (6): tax rate: 10.000000
2016-10-28T08:55:18+01:00 INFO (6):  
2016-10-28T08:55:18+01:00 INFO (6):  
2016-10-28T08:55:18+01:00 INFO (6): Invoice: 3 Tax Array for line item 2: 1335
2016-10-28T08:55:18+01:00 INFO (6): Description: Description
2016-10-28T08:55:18+01:00 INFO (6):  
2016-10-28T08:55:18+01:00 INFO (6): ITEM :: Key: 0 Value: 1
2016-10-28T08:55:18+01:00 INFO (6): ITEM :: tax rate: 10.000000
2016-10-28T08:55:18+01:00 INFO (6): ITEM :: Qty: 89 Unit price: 150
2016-10-28T08:55:18+01:00 INFO (6): ITEM :: Tax rate: 10.000000 Tax type: % Tax $: 1335
2016-10-28T08:55:18+01:00 INFO (6): i=3
2016-10-28T08:55:18+01:00 INFO (6): qty=
2016-10-28T08:55:18+01:00 INFO (6): i=4
2016-10-28T08:55:18+01:00 INFO (6): qty=
2016-10-28T08:55:20+01:00 INFO (6): Max Invoice: 3
2016-10-28T08:55:20+01:00 INFO (6): Invoice: 3 Item id: 8 Tax 0 Tax ID: 1
2016-10-28T08:55:20+01:00 INFO (6): Invoice: 3 Item id: 9 Tax 0 Tax ID: 1
2016-10-28T08:55:20+01:00 INFO (6): Invoice: 3 Item id: 10 Tax 0 Tax ID: 1
2016-10-28T08:55:20+01:00 INFO (6): eway pre check: false
2016-10-28T08:55:46+01:00 INFO (6): Max Invoice: 3
2016-10-28T08:55:47+01:00 INFO (6): Invoice: 3 Item id: 8 Tax 0 Tax ID: 1
2016-10-28T08:55:47+01:00 INFO (6): Invoice: 3 Item id: 9 Tax 0 Tax ID: 1
2016-10-28T08:55:47+01:00 INFO (6): Invoice: 3 Item id: 10 Tax 0 Tax ID: 1
2016-10-28T08:59:43+01:00 INFO (6): Max Invoice: 3
2016-10-28T08:59:46+01:00 INFO (6): Max Invoice: 3
2016-10-28T08:59:53+01:00 INFO (6): Max Invoice: 3
2016-10-28T08:59:54+01:00 INFO (6): Max Invoice: 3
2016-10-28T08:59:59+01:00 INFO (6): Max Invoice: 3
2016-10-28T08:59:59+01:00 INFO (6): Max Invoice: 3
2016-10-28T09:00:01+01:00 INFO (6): Max Invoice: 3
2016-10-28T09:00:01+01:00 INFO (6): Max Invoice: 3
2016-10-28T09:00:03+01:00 INFO (6): Max Invoice: 3
2016-10-28T09:00:03+01:00 INFO (6): Max Invoice: 3
2016-10-28T09:00:04+01:00 INFO (6): Max Invoice: 3
2016-10-28T09:23:33+01:00 INFO (6): Max Invoice: 3
2016-10-28T09:23:59+01:00 INFO (6): Max Invoice: 3
2016-10-28T09:24:01+01:00 INFO (6): Max Invoice: 3
2016-10-28T09:24:07+01:00 INFO (6): Max Invoice: 3
2016-11-02T08:54:04+00:00 INFO (6): Max Invoice: 3
2016-11-02T08:54:05+00:00 INFO (6): Max Invoice: 3
2016-11-02T08:55:07+00:00 INFO (6): Max Invoice: 3
2016-11-02T08:55:08+00:00 INFO (6): Max Invoice: 3
2016-11-02T08:55:11+00:00 INFO (6): Max Invoice: 3
2016-11-02T08:56:04+00:00 INFO (6): Max Invoice: 3
2016-11-02T08:56:07+00:00 INFO (6): Max Invoice: 3
2016-11-02T08:56:07+00:00 INFO (6): Max Invoice: 3
2016-11-02T08:56:21+00:00 INFO (6): Max Invoice: 3
2016-11-02T08:56:28+00:00 INFO (6): Max Invoice: 3
2016-11-02T08:56:28+00:00 INFO (6): Max Invoice: 3
2016-11-02T08:56:30+00:00 INFO (6): Max Invoice: 3
2016-11-02T08:56:53+00:00 INFO (6): Max Invoice: 3
2016-11-02T08:56:56+00:00 INFO (6): Max Invoice: 3
2016-11-02T08:56:56+00:00 INFO (6): Max Invoice: 3
2016-11-02T08:58:57+00:00 INFO (6): Max Invoice: 3
2016-11-02T08:58:57+00:00 INFO (6): Max Invoice: 3
2016-11-02T08:59:06+00:00 INFO (6): Max Invoice: 3
2016-11-02T08:59:06+00:00 INFO (6): Invoice: 2 Item id: 6 Tax 0 Tax ID: 4
2016-11-02T08:59:06+00:00 INFO (6): Invoice: 2 Item id: 7 Tax 0 Tax ID: 1
2016-11-02T08:59:11+00:00 INFO (6): Max Invoice: 3
2016-11-02T13:32:36+00:00 INFO (6): Max Invoice: 3
2016-11-02T13:32:38+00:00 INFO (6): Max Invoice: 3
